0 info it worked if it ends with ok
1 verbose cli [ '/usr/local/Cellar/node/0.8.14/bin/node',
1 verbose cli   '/usr/local/bin/npm',
1 verbose cli   'install',
1 verbose cli   'https://github.com/phillip/node-grok' ]
2 info using npm@1.1.65
3 info using node@v0.8.14
4 verbose read json /Users/andrejfritz/package.json
5 verbose read json /Users/andrejfritz/node_modules/carrier/package.json
6 verbose read json /Users/andrejfritz/node_modules/connect/package.json
7 verbose read json /Users/andrejfritz/node_modules/exec-plan/package.json
8 verbose read json /Users/andrejfritz/node_modules/formidable/package.json
9 verbose read json /Users/andrejfritz/node_modules/jsftp/package.json
10 verbose read json /Users/andrejfritz/node_modules/meteor-npm/package.json
11 verbose read json /Users/andrejfritz/node_modules/node-riakcs/package.json
12 verbose read json /Users/andrejfritz/node_modules/oauth/package.json
13 verbose read json /Users/andrejfritz/node_modules/prompt/package.json
14 verbose read json /Users/andrejfritz/node_modules/readline/package.json
15 verbose read json /Users/andrejfritz/package.json
16 verbose cache add [ 'https://github.com/phillip/node-grok', null ]
17 silly cache add name=undefined spec="https://github.com/phillip/node-grok" args=["https://github.com/phillip/node-grok",null]
18 verbose parsed url { protocol: 'https:',
18 verbose parsed url   slashes: true,
18 verbose parsed url   host: 'github.com',
18 verbose parsed url   hostname: 'github.com',
18 verbose parsed url   href: 'https://github.com/phillip/node-grok',
18 verbose parsed url   pathname: '/phillip/node-grok',
18 verbose parsed url   path: '/phillip/node-grok' }
19 silly lockFile 1fb4dc2b-tps-github-com-phillip-node-grok https://github.com/phillip/node-grok
20 verbose lock https://github.com/phillip/node-grok /Users/andrejfritz/.npm/1fb4dc2b-tps-github-com-phillip-node-grok.lock
21 verbose addRemoteTarball [ 'https://github.com/phillip/node-grok', null ]
22 info retry fetch attempt 1 at 15:40:48
23 verbose fetch to= /var/folders/df/5gxt_p991hv4vx0hpvkqsgr00000gp/T/npm-3298/1384267248926-0.4327275147661567/tmp.tgz
24 http GET https://github.com/phillip/node-grok
25 http 200 https://github.com/phillip/node-grok
26 verbose tar unpack /var/folders/df/5gxt_p991hv4vx0hpvkqsgr00000gp/T/npm-3298/1384267248926-0.4327275147661567/tmp.tgz
27 silly lockFile f8e31f14-48926-0-4327275147661567-package /var/folders/df/5gxt_p991hv4vx0hpvkqsgr00000gp/T/npm-3298/1384267248926-0.4327275147661567/package
28 verbose lock /var/folders/df/5gxt_p991hv4vx0hpvkqsgr00000gp/T/npm-3298/1384267248926-0.4327275147661567/package /Users/andrejfritz/.npm/f8e31f14-48926-0-4327275147661567-package.lock
29 silly gunzTarPerm modes [ '755', '644' ]
30 verbose read json /var/folders/df/5gxt_p991hv4vx0hpvkqsgr00000gp/T/npm-3298/1384267248926-0.4327275147661567/package/package.json
31 error not a package /var/folders/df/5gxt_p991hv4vx0hpvkqsgr00000gp/T/npm-3298/1384267248926-0.4327275147661567/tmp.tgz
32 silly lockFile f8e31f14-48926-0-4327275147661567-package /var/folders/df/5gxt_p991hv4vx0hpvkqsgr00000gp/T/npm-3298/1384267248926-0.4327275147661567/package
33 silly lockFile 1fb4dc2b-tps-github-com-phillip-node-grok https://github.com/phillip/node-grok
34 error Error: ENOENT, open '/var/folders/df/5gxt_p991hv4vx0hpvkqsgr00000gp/T/npm-3298/1384267248926-0.4327275147661567/package/package.json'
35 error If you need help, you may report this log at:
35 error     <http://github.com/isaacs/npm/issues>
35 error or email it to:
35 error     <npm-@googlegroups.com>
36 error System Darwin 13.0.0
37 error command "/usr/local/Cellar/node/0.8.14/bin/node" "/usr/local/bin/npm" "install" "https://github.com/phillip/node-grok"
38 error cwd /Users/andrejfritz/Workspace/meteor/baywatch_beta
39 error node -v v0.8.14
40 error npm -v 1.1.65
41 error path /var/folders/df/5gxt_p991hv4vx0hpvkqsgr00000gp/T/npm-3298/1384267248926-0.4327275147661567/package/package.json
42 error code ENOENT
43 error errno 34
44 verbose exit [ 34, true ]
